#
# There is insufficient memory for the Java Runtime Environment to continue.
# Native memory allocation (malloc) failed to allocate 788656 bytes for Chunk::new
# Possible reasons:
#   The system is out of physical RAM or swap space
#   The process is running with CompressedOops enabled, and the Java Heap may be blocking the growth of the native heap
# Possible solutions:
#   Reduce memory load on the system
#   Increase physical memory or swap space
#   Check if swap backing store is full
#   Decrease Java heap size (-Xmx/-Xms)
#   Decrease number of Java threads
#   Decrease Java thread stack sizes (-Xss)
#   Set larger code cache with -XX:ReservedCodeCacheSize=
#   JVM is running with Unscaled Compressed Oops mode in which the Java heap is
#     placed in the first 4GB address space. The Java Heap base address is the
#     maximum limit for the native heap growth. Please use -XX:HeapBaseMinAddress
#     to set the Java Heap base and to place the Java Heap above 4GB virtual address.
# This output file may be truncated or incomplete.
#
#  Out of Memory Error (allocation.cpp:389), pid=12160, tid=0x000000000000101c
#
# JRE version: Java(TM) SE Runtime Environment (8.0_281-b09) (build 1.8.0_281-b09)
# Java VM: Java HotSpot(TM) 64-Bit Server VM (25.281-b09 mixed mode windows-amd64 compressed oops)
# Failed to write core dump. Minidumps are not enabled by default on client versions of Windows
#

---------------  T H R E A D  ---------------

Current thread (0x000001e9e63fc800):  JavaThread "C2 CompilerThread0" daemon [_thread_in_native, id=4124, stack(0x000000229b700000,0x000000229b800000)]

Stack: [0x000000229b700000,0x000000229b800000]
Native frames: (J=compiled Java code, j=interpreted, Vv=VM code, C=native code)
V  [jvm.dll+0x32e5b9]


Current CompileTask:
C2:   3550 2147       4       java.net.URLClassLoader$1::run (5 bytes)


---------------  P R O C E S S  ---------------

Java Threads: ( => current thread )
  0x000001e9e6476000 JavaThread "Service Thread" daemon [_thread_blocked, id=6232, stack(0x000000229ba00000,0x000000229bb00000)]
  0x000001e9e6457800 JavaThread "C1 CompilerThread2" daemon [_thread_in_vm, id=13068, stack(0x000000229b900000,0x000000229ba00000)]
  0x000001e9e63fd000 JavaThread "C2 CompilerThread1" daemon [_thread_blocked, id=13472, stack(0x000000229b800000,0x000000229b900000)]
=>0x000001e9e63fc800 JavaThread "C2 CompilerThread0" daemon [_thread_in_native, id=4124, stack(0x000000229b700000,0x000000229b800000)]
  0x000001e9e637b000 JavaThread "Monitor Ctrl-Break" daemon [_thread_in_native, id=6896, stack(0x000000229b600000,0x000000229b700000)]
  0x000001e9e4ec6800 JavaThread "Attach Listener" daemon [_thread_blocked, id=12704, stack(0x000000229b500000,0x000000229b600000)]
  0x000001e9e4ec6000 JavaThread "Signal Dispatcher" daemon [_thread_blocked, id=5988, stack(0x000000229b400000,0x000000229b500000)]
  0x000001e9e4eb0800 JavaThread "Finalizer" daemon [_thread_blocked, id=13672, stack(0x000000229b300000,0x000000229b400000)]
  0x000001e9e4ea8000 JavaThread "Reference Handler" daemon [_thread_blocked, id=1412, stack(0x000000229b200000,0x000000229b300000)]
  0x000001e9cec8a800 JavaThread "main" [_thread_in_Java, id=11968, stack(0x000000229ac00000,0x000000229ad00000)]

Other Threads:
  0x000001e9e4e78000 VMThread [stack: 0x000000229b100000,0x000000229b200000] [id=12520]
  0x000001e9e64c0800 WatcherThread [stack: 0x000000229bb00000,0x000000229bc00000] [id=13804]

VM state:not at safepoint (normal execution)

VM Mutex/Monitor currently owned by a thread: None

heap address: 0x0000000081400000, size: 2028 MB, Compressed Oops mode: 32-bit
Narrow klass base: 0x0000000000000000, Narrow klass shift: 3
Compressed class space size: 1073741824 Address: 0x0000000100000000

Heap:
 PSYoungGen      total 68096K, used 24197K [0x00000000d5c00000, 0x00000000ddc80000, 0x0000000100000000)
  eden space 62976K, 32% used [0x00000000d5c00000,0x00000000d70038c0,0x00000000d9980000)
  from space 5120K, 72% used [0x00000000da200000,0x00000000da59df08,0x00000000da700000)
  to   space 8704K, 0% used [0x00000000d9980000,0x00000000d9980000,0x00000000da200000)
 ParOldGen       total 50176K, used 6025K [0x0000000081400000, 0x0000000084500000, 0x00000000d5c00000)
  object space 50176K, 12% used [0x0000000081400000,0x00000000819e2680,0x0000000084500000)
 Metaspace       used 24581K, capacity 25330K, committed 25472K, reserved 1071104K
  class space    used 3146K, capacity 3341K, committed 3456K, reserved 1048576K

Card table byte_map: [0x000001e9dfac0000,0x000001e9dfec0000] byte_map_base: 0x000001e9df6b6000

Marking Bits: (ParMarkBitMap*) 0x000000006bd46ff0
 Begin Bits: [0x000001e9e0170000, 0x000001e9e2120000)
 End Bits:   [0x000001e9e2120000, 0x000001e9e40d0000)

Polling page: 0x000001e9cee20000

CodeCache: size=245760Kb used=7721Kb max_used=7721Kb free=238038Kb
 bounds [0x000001e9d0700000, 0x000001e9d0e90000, 0x000001e9df700000]
 total_blobs=2559 nmethods=2168 adapters=303
 compilation: enabled

Compilation events (10 events):
Event: 3.528 Thread 0x000001e9e6457800 nmethod 2159 0x000001e9d0e882d0 code [0x000001e9d0e884e0, 0x000001e9d0e892a0]
Event: 3.528 Thread 0x000001e9e6457800 2160       3       org.springframework.beans.factory.support.RootBeanDefinition::getTargetType (30 bytes)
Event: 3.528 Thread 0x000001e9e6457800 nmethod 2160 0x000001e9d0e87e10 code [0x000001e9d0e87f80, 0x000001e9d0e88218]
Event: 3.535 Thread 0x000001e9e6457800 2162       3       org.springframework.context.annotation.AnnotationConfigUtils::attributesFor (12 bytes)
Event: 3.535 Thread 0x000001e9e6457800 nmethod 2162 0x000001e9d0e870d0 code [0x000001e9d0e872a0, 0x000001e9d0e87ac0]
Event: 3.536 Thread 0x000001e9e6457800 2163       3       org.springframework.context.annotation.AnnotationConfigUtils::attributesFor (9 bytes)
Event: 3.537 Thread 0x000001e9e6457800 nmethod 2163 0x000001e9d0e89c50 code [0x000001e9d0e89e40, 0x000001e9d0e8a850]
Event: 3.539 Thread 0x000001e9e6457800 2164       3       org.springframework.util.StringUtils::arrayToDelimitedString (68 bytes)
Event: 3.540 Thread 0x000001e9e6457800 nmethod 2164 0x000001e9d0e8acd0 code [0x000001e9d0e8aee0, 0x000001e9d0e8bb30]
Event: 3.546 Thread 0x000001e9e6457800 2165       3       org.springframework.boot.autoconfigure.condition.ConditionMessage::andCondition (64 bytes)

GC Heap History (10 events):
Event: 2.165 GC heap before
{Heap before GC invocations=3 (full 0):
 PSYoungGen      total 38400K, used 38368K [0x00000000d5c00000, 0x00000000da700000, 0x0000000100000000)
  eden space 33280K, 100% used [0x00000000d5c00000,0x00000000d7c80000,0x00000000d7c80000)
  from space 5120K, 99% used [0x00000000d8180000,0x00000000d8678088,0x00000000d8680000)
  to   space 5120K, 0% used [0x00000000d7c80000,0x00000000d7c80000,0x00000000d8180000)
 ParOldGen       total 87552K, used 350K [0x0000000081400000, 0x0000000086980000, 0x00000000d5c00000)
  object space 87552K, 0% used [0x0000000081400000,0x0000000081457a00,0x0000000086980000)
 Metaspace       used 15522K, capacity 15992K, committed 16000K, reserved 1062912K
  class space    used 2044K, capacity 2174K, committed 2176K, reserved 1048576K
Event: 2.171 GC heap after
Heap after GC invocations=3 (full 0):
 PSYoungGen      total 38400K, used 5091K [0x00000000d5c00000, 0x00000000da700000, 0x0000000100000000)
  eden space 33280K, 0% used [0x00000000d5c00000,0x00000000d5c00000,0x00000000d7c80000)
  from space 5120K, 99% used [0x00000000d7c80000,0x00000000d8178cb8,0x00000000d8180000)
  to   space 5120K, 0% used [0x00000000da200000,0x00000000da200000,0x00000000da700000)
 ParOldGen       total 87552K, used 1408K [0x0000000081400000, 0x0000000086980000, 0x00000000d5c00000)
  object space 87552K, 1% used [0x0000000081400000,0x0000000081560068,0x0000000086980000)
 Metaspace       used 15522K, capacity 15992K, committed 16000K, reserved 1062912K
  class space    used 2044K, capacity 2174K, committed 2176K, reserved 1048576K
}
Event: 2.507 GC heap before
{Heap before GC invocations=4 (full 0):
 PSYoungGen      total 38400K, used 38371K [0x00000000d5c00000, 0x00000000da700000, 0x0000000100000000)
  eden space 33280K, 100% used [0x00000000d5c00000,0x00000000d7c80000,0x00000000d7c80000)
  from space 5120K, 99% used [0x00000000d7c80000,0x00000000d8178cb8,0x00000000d8180000)
  to   space 5120K, 0% used [0x00000000da200000,0x00000000da200000,0x00000000da700000)
 ParOldGen       total 87552K, used 1408K [0x0000000081400000, 0x0000000086980000, 0x00000000d5c00000)
  object space 87552K, 1% used [0x0000000081400000,0x0000000081560068,0x0000000086980000)
 Metaspace       used 19596K, capacity 20104K, committed 20352K, reserved 1067008K
  class space    used 2484K, capacity 2624K, committed 2688K, reserved 1048576K
Event: 2.516 GC heap after
Heap after GC invocations=4 (full 0):
 PSYoungGen      total 71680K, used 5108K [0x00000000d5c00000, 0x00000000da700000, 0x0000000100000000)
  eden space 66560K, 0% used [0x00000000d5c00000,0x00000000d5c00000,0x00000000d9d00000)
  from space 5120K, 99% used [0x00000000da200000,0x00000000da6fd0a8,0x00000000da700000)
  to   space 5120K, 0% used [0x00000000d9d00000,0x00000000d9d00000,0x00000000da200000)
 ParOldGen       total 87552K, used 4387K [0x0000000081400000, 0x0000000086980000, 0x00000000d5c00000)
  object space 87552K, 5% used [0x0000000081400000,0x0000000081848f60,0x0000000086980000)
 Metaspace       used 19596K, capacity 20104K, committed 20352K, reserved 1067008K
  class space    used 2484K, capacity 2624K, committed 2688K, reserved 1048576K
}
Event: 2.606 GC heap before
{Heap before GC invocations=5 (full 0):
 PSYoungGen      total 71680K, used 17953K [0x00000000d5c00000, 0x00000000da700000, 0x0000000100000000)
  eden space 66560K, 19% used [0x00000000d5c00000,0x00000000d688b5e8,0x00000000d9d00000)
  from space 5120K, 99% used [0x00000000da200000,0x00000000da6fd0a8,0x00000000da700000)
  to   space 5120K, 0% used [0x00000000d9d00000,0x00000000d9d00000,0x00000000da200000)
 ParOldGen       total 87552K, used 4387K [0x0000000081400000, 0x0000000086980000, 0x00000000d5c00000)
  object space 87552K, 5% used [0x0000000081400000,0x0000000081848f60,0x0000000086980000)
 Metaspace       used 20585K, capacity 21072K, committed 21248K, reserved 1067008K
  class space    used 2624K, capacity 2754K, committed 2816K, reserved 1048576K
Event: 2.629 GC heap after
Heap after GC invocations=5 (full 0):
 PSYoungGen      total 71680K, used 5090K [0x00000000d5c00000, 0x00000000da700000, 0x0000000100000000)
  eden space 66560K, 0% used [0x00000000d5c00000,0x00000000d5c00000,0x00000000d9d00000)
  from space 5120K, 99% used [0x00000000d9d00000,0x00000000da1f8a60,0x00000000da200000)
  to   space 5120K, 0% used [0x00000000da200000,0x00000000da200000,0x00000000da700000)
 ParOldGen       total 87552K, used 5363K [0x0000000081400000, 0x0000000086980000, 0x00000000d5c00000)
  object space 87552K, 6% used [0x0000000081400000,0x000000008193ce68,0x0000000086980000)
 Metaspace       used 20585K, capacity 21072K, committed 21248K, reserved 1067008K
  class space    used 2624K, capacity 2754K, committed 2816K, reserved 1048576K
}
Event: 2.629 GC heap before
{Heap before GC invocations=6 (full 1):
 PSYoungGen      total 71680K, used 5090K [0x00000000d5c00000, 0x00000000da700000, 0x0000000100000000)
  eden space 66560K, 0% used [0x00000000d5c00000,0x00000000d5c00000,0x00000000d9d00000)
  from space 5120K, 99% used [0x00000000d9d00000,0x00000000da1f8a60,0x00000000da200000)
  to   space 5120K, 0% used [0x00000000da200000,0x00000000da200000,0x00000000da700000)
 ParOldGen       total 87552K, used 5363K [0x0000000081400000, 0x0000000086980000, 0x00000000d5c00000)
  object space 87552K, 6% used [0x0000000081400000,0x000000008193ce68,0x0000000086980000)
 Metaspace       used 20585K, capacity 21072K, committed 21248K, reserved 1067008K
  class space    used 2624K, capacity 2754K, committed 2816K, reserved 1048576K
Event: 2.683 GC heap after
Heap after GC invocations=6 (full 1):
 PSYoungGen      total 71680K, used 0K [0x00000000d5c00000, 0x00000000da700000, 0x0000000100000000)
  eden space 66560K, 0% used [0x00000000d5c00000,0x00000000d5c00000,0x00000000d9d00000)
  from space 5120K, 0% used [0x00000000d9d00000,0x00000000d9d00000,0x00000000da200000)
  to   space 5120K, 0% used [0x00000000da200000,0x00000000da200000,0x00000000da700000)
 ParOldGen       total 50176K, used 5953K [0x0000000081400000, 0x0000000084500000, 0x00000000d5c00000)
  object space 50176K, 11% used [0x0000000081400000,0x00000000819d0670,0x0000000084500000)
 Metaspace       used 20585K, capacity 21072K, committed 21248K, reserved 1067008K
  class space    used 2624K, capacity 2754K, committed 2816K, reserved 1048576K
}
Event: 3.162 GC heap before
{Heap before GC invocations=7 (full 1):
 PSYoungGen      total 71680K, used 66560K [0x00000000d5c00000, 0x00000000da700000, 0x0000000100000000)
  eden space 66560K, 100% used [0x00000000d5c00000,0x00000000d9d00000,0x00000000d9d00000)
  from space 5120K, 0% used [0x00000000d9d00000,0x00000000d9d00000,0x00000000da200000)
  to   space 5120K, 0% used [0x00000000da200000,0x00000000da200000,0x00000000da700000)
 ParOldGen       total 50176K, used 5953K [0x0000000081400000, 0x0000000084500000, 0x00000000d5c00000)
  object space 50176K, 11% used [0x0000000081400000,0x00000000819d0670,0x0000000084500000)
 Metaspace       used 23182K, capacity 23852K, committed 24192K, reserved 1071104K
  class space    used 2946K, capacity 3116K, committed 3200K, reserved 1048576K
Event: 3.167 GC heap after
Heap after GC invocations=7 (full 1):
 PSYoungGen      total 68096K, used 3703K [0x00000000d5c00000, 0x00000000ddc80000, 0x0000000100000000)
  eden space 62976K, 0% used [0x00000000d5c00000,0x00000000d5c00000,0x00000000d9980000)
  from space 5120K, 72% used [0x00000000da200000,0x00000000da59df08,0x00000000da700000)
  to   space 8704K, 0% used [0x00000000d9980000,0x00000000d9980000,0x00000000da200000)
 ParOldGen       total 50176K, used 6025K [0x0000000081400000, 0x0000000084500000, 0x00000000d5c00000)
  object space 50176K, 12% used [0x0000000081400000,0x00000000819e2680,0x0000000084500000)
 Metaspace       used 23182K, capacity 23852K, committed 24192K, reserved 1071104K
  class space    used 2946K, capacity 3116K, committed 3200K, reserved 1048576K
}

Deoptimization events (10 events):
Event: 2.200 Thread 0x000001e9e6b5d800 Uncommon trap: reason=unstable_if action=reinterpret pc=0x000001e9d0afaf78 method=java.util.jar.Manifest$FastInputStream.readLine([BII)I @ 87
Event: 2.283 Thread 0x000001e9cec8a800 Uncommon trap: reason=unstable_if action=reinterpret pc=0x000001e9d09aa808 method=java.io.WinNTFileSystem.normalize(Ljava/lang/String;)Ljava/lang/String; @ 128
Event: 2.768 Thread 0x000001e9e6b5d800 Uncommon trap: reason=unstable_if action=reinterpret pc=0x000001e9d0be0c28 method=jdk.internal.org.objectweb.asm.Type.getArgumentsAndReturnSizes(Ljava/lang/String;)I @ 47
Event: 2.812 Thread 0x000001e9e6b5d800 Uncommon trap: reason=unstable_if action=reinterpret pc=0x000001e9d0bc5c00 method=java.util.Properties$LineReader.readLine()I @ 252
Event: 2.813 Thread 0x000001e9e6b5d800 Uncommon trap: reason=unstable_if action=reinterpret pc=0x000001e9d0bc8f6c method=java.util.Properties$LineReader.readLine()I @ 252
Event: 3.041 Thread 0x000001e9e6b5d800 Uncommon trap: reason=unstable_if action=reinterpret pc=0x000001e9d0d43c64 method=com.sun.org.apache.xerces.internal.impl.XMLEntityScanner.scanLiteral(ILcom/sun/org/apache/xerces/internal/xni/XMLString;Z)I @ 570
Event: 3.059 Thread 0x000001e9e6b5d800 Uncommon trap: reason=unstable_if action=reinterpret pc=0x000001e9d0d35074 method=com.sun.org.apache.xerces.internal.impl.XMLEntityScanner.checkBeforeLoad(Lcom/sun/xml/internal/stream/Entity$ScannedEntity;II)I @ 18
Event: 3.095 Thread 0x000001e9e6b5d800 Uncommon trap: reason=unstable_if action=reinterpret pc=0x000001e9d0d5c6dc method=com.sun.org.apache.xerces.internal.impl.XMLEntityScanner.skipSpaces()Z @ 125
Event: 3.113 Thread 0x000001e9e6b5d800 Uncommon trap: reason=unstable_if action=reinterpret pc=0x000001e9d0d97d08 method=com.sun.org.apache.xerces.internal.util.SymbolTable.addSymbol([CII)Ljava/lang/String; @ 38
Event: 3.286 Thread 0x000001e9cec8a800 Uncommon trap: reason=unstable_if action=reinterpret pc=0x000001e9d0d391e0 method=org.springframework.boot.context.properties.source.ConfigurationPropertyName$ElementsParser.isAlphaNumeric(C)Z @ 11

Classes redefined (0 events):
No events

Internal exceptions (10 events):
Event: 2.224 Thread 0x000001e9cec8a800 Exception <a 'java/lang/ClassNotFoundException': org/springframework/core/OrderedCustomizer> (0x00000000d612c5f8) thrown at [C:\jenkins\workspace\8-2-build-windows-amd64-cygwin\jdk8u281\880\hotspot\src\share\vm\classfile\systemDictionary.cpp, line 212]
Event: 2.225 Thread 0x000001e9cec8a800 Exception <a 'java/lang/ClassNotFoundException': org/springframework/context/ResourceLoaderAwareCustomizer> (0x00000000d6144228) thrown at [C:\jenkins\workspace\8-2-build-windows-amd64-cygwin\jdk8u281\880\hotspot\src\share\vm\classfile\systemDictionary.cp
Event: 2.226 Thread 0x000001e9cec8a800 Exception <a 'java/lang/ClassNotFoundException': org/springframework/beans/factory/AwareCustomizer> (0x00000000d615a038) thrown at [C:\jenkins\workspace\8-2-build-windows-amd64-cygwin\jdk8u281\880\hotspot\src\share\vm\classfile\systemDictionary.cpp, line 
Event: 2.226 Thread 0x000001e9cec8a800 Exception <a 'java/lang/ClassNotFoundException': org/springframework/beans/factory/BeanClassLoaderAwareCustomizer> (0x00000000d6173228) thrown at [C:\jenkins\workspace\8-2-build-windows-amd64-cygwin\jdk8u281\880\hotspot\src\share\vm\classfile\systemDictio
Event: 2.227 Thread 0x000001e9cec8a800 Exception <a 'java/lang/ClassNotFoundException': org/springframework/beans/factory/AwareCustomizer> (0x00000000d6188f90) thrown at [C:\jenkins\workspace\8-2-build-windows-amd64-cygwin\jdk8u281\880\hotspot\src\share\vm\classfile\systemDictionary.cpp, line 
Event: 2.227 Thread 0x000001e9cec8a800 Exception <a 'java/lang/ClassNotFoundException': org/springframework/context/EnvironmentAwareCustomizer> (0x00000000d619f260) thrown at [C:\jenkins\workspace\8-2-build-windows-amd64-cygwin\jdk8u281\880\hotspot\src\share\vm\classfile\systemDictionary.cpp, 
Event: 2.228 Thread 0x000001e9cec8a800 Exception <a 'java/lang/ClassNotFoundException': org/springframework/beans/factory/AwareCustomizer> (0x00000000d61b4ea8) thrown at [C:\jenkins\workspace\8-2-build-windows-amd64-cygwin\jdk8u281\880\hotspot\src\share\vm\classfile\systemDictionary.cpp, line 
Event: 2.287 Thread 0x000001e9cec8a800 Exception <a 'java/lang/NoSuchMethodError': java.lang.Object.lambda$comparing$77a9974f$1(Ljava/util/function/Function;Ljava/lang/Object;Ljava/lang/Object;)I> (0x00000000d67b0550) thrown at [C:\jenkins\workspace\8-2-build-windows-amd64-cygwin\jdk8u281\880\
Event: 2.712 Thread 0x000001e9cec8a800 Exception <a 'java/lang/IncompatibleClassChangeError': Found class java.lang.Object, but interface was expected> (0x00000000d5f77c30) thrown at [C:\jenkins\workspace\8-2-build-windows-amd64-cygwin\jdk8u281\880\hotspot\src\share\vm\interpreter\linkResolver
Event: 2.775 Thread 0x000001e9e6b5d800 Exception <a 'java/lang/IncompatibleClassChangeError': Found class java.lang.Object, but interface was expected> (0x00000000d6173750) thrown at [C:\jenkins\workspace\8-2-build-windows-amd64-cygwin\jdk8u281\880\hotspot\src\share\vm\interpreter\linkResolver

Events (10 events):
Event: 3.542 loading class org/springframework/boot/autoconfigure/websocket/servlet/WebSocketServletAutoConfiguration$TomcatWebSocketConfiguration
Event: 3.542 loading class org/springframework/boot/autoconfigure/websocket/servlet/WebSocketServletAutoConfiguration$TomcatWebSocketConfiguration done
Event: 3.542 loading class org/springframework/boot/autoconfigure/websocket/servlet/TomcatWebSocketServletWebServerCustomizer
Event: 3.543 loading class org/springframework/boot/autoconfigure/websocket/servlet/TomcatWebSocketServletWebServerCustomizer done
Event: 3.544 loading class org/springframework/boot/web/server/WebServerFactoryCustomizer
Event: 3.544 loading class org/springframework/boot/web/server/WebServerFactoryCustomizer done
Event: 3.545 loading class org/springframework/boot/autoconfigure/websocket/servlet/WebSocketServletAutoConfiguration
Event: 3.545 loading class org/springframework/boot/autoconfigure/websocket/servlet/WebSocketServletAutoConfiguration done
Event: 3.547 loading class org/springframework/boot/autoconfigure/web/ServerProperties
Event: 3.547 loading class org/springframework/boot/autoconfigure/web/ServerProperties done


Dynamic libraries:
0x00007ff63b320000 - 0x00007ff63b367000 	C:\Program Files\Java\jdk1.8.0_281\bin\java.exe
0x00007ff85e7b0000 - 0x00007ff85e9a8000 	C:\Windows\SYSTEM32\ntdll.dll
0x00007ff85cf00000 - 0x00007ff85cfbd000 	C:\Windows\System32\KERNEL32.DLL
0x00007ff85c430000 - 0x00007ff85c6fe000 	C:\Windows\System32\KERNELBASE.dll
0x00007ff85cfc0000 - 0x00007ff85d06e000 	C:\Windows\System32\ADVAPI32.dll
0x00007ff85e6d0000 - 0x00007ff85e76e000 	C:\Windows\System32\msvcrt.dll
0x00007ff85dba0000 - 0x00007ff85dc3c000 	C:\Windows\System32\sechost.dll
0x00007ff85d2f0000 - 0x00007ff85d415000 	C:\Windows\System32\RPCRT4.dll
0x00007ff85dc70000 - 0x00007ff85de10000 	C:\Windows\System32\USER32.dll
0x00007ff85c3d0000 - 0x00007ff85c3f2000 	C:\Windows\System32\win32u.dll
0x00007ff85de10000 - 0x00007ff85de3a000 	C:\Windows\System32\GDI32.dll
0x00007ff85c700000 - 0x00007ff85c80b000 	C:\Windows\System32\gdi32full.dll
0x00007ff85c330000 - 0x00007ff85c3cd000 	C:\Windows\System32\msvcp_win.dll
0x00007ff85c060000 - 0x00007ff85c160000 	C:\Windows\System32\ucrtbase.dll
0x00007ff842210000 - 0x00007ff8424aa000 	C:\Windows\WinSxS\amd64_microsoft.windows.common-controls_6595b64144ccf1df_6.0.19041.1110_none_60b5254171f9507e\COMCTL32.dll
0x00007ff85dc40000 - 0x00007ff85dc70000 	C:\Windows\System32\IMM32.DLL
0x00007ff852b60000 - 0x00007ff852b75000 	C:\Program Files\Java\jdk1.8.0_281\jre\bin\vcruntime140.dll
0x00007ff852ac0000 - 0x00007ff852b5b000 	C:\Program Files\Java\jdk1.8.0_281\jre\bin\msvcp140.dll
0x000000006b560000 - 0x000000006bdbf000 	C:\Program Files\Java\jdk1.8.0_281\jre\bin\server\jvm.dll
0x00007ff85c8d0000 - 0x00007ff85c8d8000 	C:\Windows\System32\PSAPI.DLL
0x00007ff843100000 - 0x00007ff843109000 	C:\Windows\SYSTEM32\WSOCK32.dll
0x00007ff85d200000 - 0x00007ff85d26b000 	C:\Windows\System32\WS2_32.dll
0x00007ff843450000 - 0x00007ff843477000 	C:\Windows\SYSTEM32\WINMM.dll
0x00007ff843e20000 - 0x00007ff843e2a000 	C:\Windows\SYSTEM32\VERSION.dll
0x00007ff859fb0000 - 0x00007ff859fc2000 	C:\Windows\SYSTEM32\kernel.appcore.dll
0x00007ff852f80000 - 0x00007ff852f90000 	C:\Program Files\Java\jdk1.8.0_281\jre\bin\verify.dll
0x00007ff852a90000 - 0x00007ff852abb000 	C:\Program Files\Java\jdk1.8.0_281\jre\bin\java.dll
0x00007ff840680000 - 0x00007ff8406b0000 	C:\Program Files\Java\jdk1.8.0_281\jre\bin\instrument.dll
0x00007ff852a70000 - 0x00007ff852a88000 	C:\Program Files\Java\jdk1.8.0_281\jre\bin\zip.dll
0x00007ff85df80000 - 0x00007ff85e6c4000 	C:\Windows\System32\SHELL32.dll
0x00007ff859fd0000 - 0x00007ff85a764000 	C:\Windows\SYSTEM32\windows.storage.dll
0x00007ff85d6b0000 - 0x00007ff85da04000 	C:\Windows\System32\combase.dll
0x00007ff85b8c0000 - 0x00007ff85b8f0000 	C:\Windows\SYSTEM32\Wldp.dll
0x00007ff85de40000 - 0x00007ff85deed000 	C:\Windows\System32\SHCORE.dll
0x00007ff85da10000 - 0x00007ff85da65000 	C:\Windows\System32\shlwapi.dll
0x00007ff85be10000 - 0x00007ff85be2f000 	C:\Windows\SYSTEM32\profapi.dll
0x00007ff8529d0000 - 0x00007ff8529ea000 	C:\Program Files\JetBrains\IntelliJ IDEA Community Edition 2021.3\bin\breakgen64.dll
0x00007ff852a50000 - 0x00007ff852a6c000 	C:\Program Files\Java\jdk1.8.0_281\jre\bin\net.dll
0x00007ff85b5c0000 - 0x00007ff85b62a000 	C:\Windows\system32\mswsock.dll
0x00007ff852840000 - 0x00007ff85284d000 	C:\Program Files\Java\jdk1.8.0_281\jre\bin\management.dll
0x00007ff82c6c0000 - 0x00007ff82c6d7000 	C:\Windows\system32\napinsp.dll
0x00007ff82c650000 - 0x00007ff82c66b000 	C:\Windows\system32\pnrpnsp.dll
0x00007ff853630000 - 0x00007ff853645000 	C:\Windows\system32\wshbth.dll
0x00007ff853650000 - 0x00007ff85366d000 	C:\Windows\system32\NLAapi.dll
0x00007ff85b2b0000 - 0x00007ff85b2eb000 	C:\Windows\SYSTEM32\IPHLPAPI.DLL
0x00007ff85b340000 - 0x00007ff85b40a000 	C:\Windows\SYSTEM32\DNSAPI.dll
0x00007ff85d0d0000 - 0x00007ff85d0d8000 	C:\Windows\System32\NSI.dll
0x00007ff82c630000 - 0x00007ff82c642000 	C:\Windows\System32\winrnr.dll
0x000000006c0e0000 - 0x000000006c106000 	C:\Program Files\Bonjour\mdnsNSP.dll
0x00007ff84f670000 - 0x00007ff84f67a000 	C:\Windows\System32\rasadhlp.dll
0x00007ff84eaa0000 - 0x00007ff84eb20000 	C:\Windows\System32\fwpuclnt.dll
0x00007ff85c400000 - 0x00007ff85c427000 	C:\Windows\System32\bcrypt.dll
0x00007ff852a30000 - 0x00007ff852a43000 	C:\Program Files\Java\jdk1.8.0_281\jre\bin\nio.dll

VM Arguments:
jvm_args: -javaagent:C:\Program Files\JetBrains\IntelliJ IDEA Community Edition 2021.3\lib\idea_rt.jar=50472:C:\Program Files\JetBrains\IntelliJ IDEA Community Edition 2021.3\bin -Dfile.encoding=UTF-8 
java_command: lnstagram.Application
java_class_path (initial): C:\Program Files\Java\jdk1.8.0_281\jre\lib\charsets.jar;C:\Program Files\Java\jdk1.8.0_281\jre\lib\deploy.jar;C:\Program Files\Java\jdk1.8.0_281\jre\lib\ext\access-bridge-64.jar;C:\Program Files\Java\jdk1.8.0_281\jre\lib\ext\cldrdata.jar;C:\Program Files\Java\jdk1.8.0_281\jre\lib\ext\dnsns.jar;C:\Program Files\Java\jdk1.8.0_281\jre\lib\ext\jaccess.jar;C:\Program Files\Java\jdk1.8.0_281\jre\lib\ext\jfxrt.jar;C:\Program Files\Java\jdk1.8.0_281\jre\lib\ext\localedata.jar;C:\Program Files\Java\jdk1.8.0_281\jre\lib\ext\nashorn.jar;C:\Program Files\Java\jdk1.8.0_281\jre\lib\ext\sunec.jar;C:\Program Files\Java\jdk1.8.0_281\jre\lib\ext\sunjce_provider.jar;C:\Program Files\Java\jdk1.8.0_281\jre\lib\ext\sunmscapi.jar;C:\Program Files\Java\jdk1.8.0_281\jre\lib\ext\sunpkcs11.jar;C:\Program Files\Java\jdk1.8.0_281\jre\lib\ext\zipfs.jar;C:\Program Files\Java\jdk1.8.0_281\jre\lib\javaws.jar;C:\Program Files\Java\jdk1.8.0_281\jre\lib\jce.jar;C:\Program Files\Java\jdk1.8.0_281\jre\lib\jfr.jar;C:\Program Files\Java\jdk1.8.0_281\jre\lib\jfxswt.jar;C:\Program Files\Java\jdk1.8.0_281\jre\lib\jsse.jar;C:\Program Files\Java\jdk1.8.0_281\jre\lib\management-agent.jar;C:\Program Files\Java\jdk1.8.0_281\jre\lib\plugin.jar;C:\Program Files\Java\jdk1.8.0_281\jre\lib\resources.jar;C:\Program Files\Java\jdk1.8.0_281\jre\lib\rt.jar;C:\Users\user\OneDrive\Documenti\Sistemi informativi web\Progetti\Lntagram\target\classes;C:\Users\user\.m2\repository\org\springframework\boot\spring-boot-starter-data-jpa\2.1.4.RELEASE\spring-boot-starter-data-jpa-2.1.4.RELEASE.jar;C:\Users\user\.m2\repository\org\springframework\boot\spring-boot-starter-aop\2.1.4.RELEASE\spring-boot-starter-aop-2.1.4.RELEASE.jar;C:\Users\user\.m2\repository\org\aspectj\aspectjweaver\1.9.2\aspectjweaver-1.9.2.jar;C:\Users\user\.m2\repository\org\springframework\boot\spring-boot-starter-jdbc\2.1.4.RELEASE\spring-boot-starter-jdbc-2.1.4.RELEASE.jar;C:\Users\user\.m2\repository\com\zaxxer\HikariCP\3.2.0\Hikar
Launcher Type: SUN_STANDARD

Environment Variables:
PATH=C:\Program Files (x86)\Common Files\Intel\Shared Libraries\redist\intel64\compiler;C:\Program Files (x86)\Common Files\Oracle\Java\javapath;C:\Windows\system32;C:\Windows;C:\Windows\System32\Wbem;C:\Windows\System32\WindowsPowerShell\v1.0\;C:\Windows\System32\OpenSSH\;C:\Program Files\Git\cmd;C:\Users\user\AppData\Local\Programs\Python\Python36-32\Scripts\;C:\Users\user\AppData\Local\Programs\Python\Python36-32\;C:\Users\user\AppData\Local\Microsoft\WindowsApps;C:\Users\user\AppData\Local\GitHubDesktop\bin;C:\Program Files\heroku\bin
USERNAME=user
OS=Windows_NT
PROCESSOR_IDENTIFIER=Intel64 Family 6 Model 142 Stepping 9, GenuineIntel



---------------  S Y S T E M  ---------------

OS: Windows 10.0 , 64 bit Build 19041 (10.0.19041.1889)

CPU:total 4 (initial active 4) (2 cores per cpu, 2 threads per core) family 6 model 142 stepping 9, cmov, cx8, fxsr, mmx, sse, sse2, sse3, ssse3, sse4.1, sse4.2, popcnt, avx, avx2, aes, clmul, erms, rtm, 3dnowpref, lzcnt, ht, tsc, tscinvbit, bmi1, bmi2, adx

Memory: 4k page, physical 8303624k(1566516k free), swap 9682860k(3124k free)

vm_info: Java HotSpot(TM) 64-Bit Server VM (25.281-b09) for windows-amd64 JRE (1.8.0_281-b09), built on Dec  9 2020 13:54:07 by "" with MS VC++ 15.9 (VS2017)

time: Wed Aug 31 00:21:36 2022
timezone: ora legale Europa occidentale
elapsed time: 3.558956 seconds (0d 0h 0m 3s)

