#
# There is insufficient memory for the Java Runtime Environment to continue.
# Native memory allocation (malloc) failed to allocate 525456 bytes for Chunk::new
# Possible reasons:
#   The system is out of physical RAM or swap space
#   The process is running with CompressedOops enabled, and the Java Heap may be blocking the growth of the native heap
# Possible solutions:
#   Reduce memory load on the system
#   Increase physical memory or swap space
#   Check if swap backing store is full
#   Decrease Java heap size (-Xmx/-Xms)
#   Decrease number of Java threads
#   Decrease Java thread stack sizes (-Xss)
#   Set larger code cache with -XX:ReservedCodeCacheSize=
#   JVM is running with Unscaled Compressed Oops mode in which the Java heap is
#     placed in the first 4GB address space. The Java Heap base address is the
#     maximum limit for the native heap growth. Please use -XX:HeapBaseMinAddress
#     to set the Java Heap base and to place the Java Heap above 4GB virtual address.
# This output file may be truncated or incomplete.
#
#  Out of Memory Error (allocation.cpp:389), pid=4376, tid=0x0000000000003660
#
# JRE version: Java(TM) SE Runtime Environment (8.0_281-b09) (build 1.8.0_281-b09)
# Java VM: Java HotSpot(TM) 64-Bit Server VM (25.281-b09 mixed mode windows-amd64 compressed oops)
# Failed to write core dump. Minidumps are not enabled by default on client versions of Windows
#

---------------  T H R E A D  ---------------

Current thread (0x0000015e76292000):  JavaThread "C2 CompilerThread0" daemon [_thread_in_native, id=13920, stack(0x0000003b2e200000,0x0000003b2e300000)]

Stack: [0x0000003b2e200000,0x0000003b2e300000]
Native frames: (J=compiled Java code, j=interpreted, Vv=VM code, C=native code)
V  [jvm.dll+0x32e5b9]
V  [jvm.dll+0x275012]
V  [jvm.dll+0x275cbd]
V  [jvm.dll+0x26c6f5]
V  [jvm.dll+0xd51fc]
V  [jvm.dll+0xd59fc]
V  [jvm.dll+0x4523f2]
V  [jvm.dll+0x48d85d]
V  [jvm.dll+0x4423f1]
V  [jvm.dll+0x43f664]
V  [jvm.dll+0x42a5e7]
V  [jvm.dll+0xabe9b]
V  [jvm.dll+0xaa4fb]
V  [jvm.dll+0x23d6b2]
V  [jvm.dll+0x291cbc]
C  [ucrtbase.dll+0x21bb2]
C  [KERNEL32.DLL+0x17034]
C  [ntdll.dll+0x52651]


Current CompileTask:
C2:  14827 4280       4       org.springframework.beans.factory.support.AbstractBeanFactory::isTypeMatch (547 bytes)


---------------  P R O C E S S  ---------------

Java Threads: ( => current thread )
  0x0000015e775b5800 JavaThread "DestroyJavaVM" [_thread_blocked, id=11732, stack(0x0000003b2d700000,0x0000003b2d800000)]
  0x0000015e775b8800 JavaThread "http-nio-8080-Acceptor-0" daemon [_thread_in_native, id=13072, stack(0x0000003b2f900000,0x0000003b2fa00000)]
  0x0000015e775ba000 JavaThread "http-nio-8080-ClientPoller-1" daemon [_thread_in_native, id=4516, stack(0x0000003b2f800000,0x0000003b2f900000)]
  0x0000015e775b7800 JavaThread "http-nio-8080-ClientPoller-0" daemon [_thread_in_native, id=9892, stack(0x0000003b2f700000,0x0000003b2f800000)]
  0x0000015e775b6000 JavaThread "http-nio-8080-exec-10" daemon [_thread_blocked, id=12524, stack(0x0000003b2f600000,0x0000003b2f700000)]
  0x0000015e775bb800 JavaThread "http-nio-8080-exec-9" daemon [_thread_blocked, id=4252, stack(0x0000003b2f500000,0x0000003b2f600000)]
  0x0000015e775ba800 JavaThread "http-nio-8080-exec-8" daemon [_thread_blocked, id=7044, stack(0x0000003b2f400000,0x0000003b2f500000)]
  0x0000015e775b7000 JavaThread "http-nio-8080-exec-7" daemon [_thread_blocked, id=14208, stack(0x0000003b2f300000,0x0000003b2f400000)]
  0x0000015e775bc000 JavaThread "http-nio-8080-exec-6" daemon [_thread_blocked, id=2604, stack(0x0000003b2f200000,0x0000003b2f300000)]
  0x0000015e775b9000 JavaThread "http-nio-8080-exec-5" daemon [_thread_blocked, id=12776, stack(0x0000003b2f100000,0x0000003b2f200000)]
  0x0000015e7af1f800 JavaThread "http-nio-8080-exec-4" daemon [_thread_blocked, id=12816, stack(0x0000003b2f000000,0x0000003b2f100000)]
  0x0000015e7af22800 JavaThread "http-nio-8080-exec-3" daemon [_thread_blocked, id=14240, stack(0x0000003b2ef00000,0x0000003b2f000000)]
  0x0000015e7af22000 JavaThread "http-nio-8080-exec-2" daemon [_thread_blocked, id=14156, stack(0x0000003b2ee00000,0x0000003b2ef00000)]
  0x0000015e7af20800 JavaThread "http-nio-8080-exec-1" daemon [_thread_in_vm, id=14332, stack(0x0000003b2ed00000,0x0000003b2ee00000)]
  0x0000015e7af21000 JavaThread "NioBlockingSelector.BlockPoller-1" daemon [_thread_in_native, id=13836, stack(0x0000003b2ec00000,0x0000003b2ed00000)]
  0x0000015e79272000 JavaThread "HikariPool-1 housekeeper" daemon [_thread_blocked, id=7016, stack(0x0000003b2ea00000,0x0000003b2eb00000)]
  0x0000015e76d7f000 JavaThread "container-0" [_thread_blocked, id=8268, stack(0x0000003b2e900000,0x0000003b2ea00000)]
  0x0000015e779dc000 JavaThread "Catalina-utility-2" [_thread_blocked, id=14044, stack(0x0000003b2e800000,0x0000003b2e900000)]
  0x0000015e79636800 JavaThread "Catalina-utility-1" [_thread_blocked, id=12160, stack(0x0000003b2e700000,0x0000003b2e800000)]
  0x0000015e762fc800 JavaThread "Service Thread" daemon [_thread_blocked, id=10176, stack(0x0000003b2e500000,0x0000003b2e600000)]
  0x0000015e762f5000 JavaThread "C1 CompilerThread2" daemon [_thread_blocked, id=1692, stack(0x0000003b2e400000,0x0000003b2e500000)]
  0x0000015e76293000 JavaThread "C2 CompilerThread1" daemon [_thread_in_native, id=13912, stack(0x0000003b2e300000,0x0000003b2e400000)]
=>0x0000015e76292000 JavaThread "C2 CompilerThread0" daemon [_thread_in_native, id=13920, stack(0x0000003b2e200000,0x0000003b2e300000)]
  0x0000015e7628e800 JavaThread "Monitor Ctrl-Break" daemon [_thread_in_native, id=13924, stack(0x0000003b2e100000,0x0000003b2e200000)]
  0x0000015e74d05000 JavaThread "Attach Listener" daemon [_thread_blocked, id=10480, stack(0x0000003b2e000000,0x0000003b2e100000)]
  0x0000015e74d03800 JavaThread "Signal Dispatcher" daemon [_thread_blocked, id=2168, stack(0x0000003b2df00000,0x0000003b2e000000)]
  0x0000015e74cd8800 JavaThread "Finalizer" daemon [_thread_blocked, id=13676, stack(0x0000003b2de00000,0x0000003b2df00000)]
  0x0000015e74cd6000 JavaThread "Reference Handler" daemon [_thread_blocked, id=14080, stack(0x0000003b2dd00000,0x0000003b2de00000)]

Other Threads:
  0x0000015e74ca9000 VMThread [stack: 0x0000003b2dc00000,0x0000003b2dd00000] [id=1784]
  0x0000015e7630e800 WatcherThread [stack: 0x0000003b2e600000,0x0000003b2e700000] [id=3576]

VM state:not at safepoint (normal execution)

VM Mutex/Monitor currently owned by a thread: None

heap address: 0x0000000081400000, size: 2028 MB, Compressed Oops mode: 32-bit
Narrow klass base: 0x0000000000000000, Narrow klass shift: 3
Compressed class space size: 1073741824 Address: 0x0000000100000000

Heap:
 PSYoungGen      total 171008K, used 114576K [0x00000000d5c00000, 0x00000000e3f80000, 0x0000000100000000)
  eden space 157184K, 64% used [0x00000000d5c00000,0x00000000dbe6c090,0x00000000df580000)
  from space 13824K, 99% used [0x00000000df580000,0x00000000e02f82d0,0x00000000e0300000)
  to   space 16384K, 0% used [0x00000000e2f80000,0x00000000e2f80000,0x00000000e3f80000)
 ParOldGen       total 94208K, used 19532K [0x0000000081400000, 0x0000000087000000, 0x00000000d5c00000)
  object space 94208K, 20% used [0x0000000081400000,0x0000000082713018,0x0000000087000000)
 Metaspace       used 53612K, capacity 55526K, committed 55768K, reserved 1097728K
  class space    used 7206K, capacity 7559K, committed 7680K, reserved 1048576K

Card table byte_map: [0x0000015e6f8f0000,0x0000015e6fcf0000] byte_map_base: 0x0000015e6f4e6000

Marking Bits: (ParMarkBitMap*) 0x0000000055346ff0
 Begin Bits: [0x0000015e6ffa0000, 0x0000015e71f50000)
 End Bits:   [0x0000015e71f50000, 0x0000015e73f00000)

Polling page: 0x0000015e5ea50000

CodeCache: size=245760Kb used=14084Kb max_used=14661Kb free=231675Kb
 bounds [0x0000015e60530000, 0x0000015e613a0000, 0x0000015e6f530000]
 total_blobs=4288 nmethods=3782 adapters=417
 compilation: enabled

Compilation events (10 events):
Event: 14.712 Thread 0x0000015e762f5000 4288       1       java.util.Calendar::getFirstDayOfWeek (5 bytes)
Event: 14.713 Thread 0x0000015e762f5000 nmethod 4288 0x0000015e60f191d0 code [0x0000015e60f19320, 0x0000015e60f19438]
Event: 14.713 Thread 0x0000015e762f5000 4289       1       java.util.Calendar::getMinimalDaysInFirstWeek (5 bytes)
Event: 14.713 Thread 0x0000015e762f5000 nmethod 4289 0x0000015e60e3b410 code [0x0000015e60e3b560, 0x0000015e60e3b678]
Event: 14.728 Thread 0x0000015e762f5000 4290       1       org.apache.tomcat.util.http.MimeHeaderField::getName (5 bytes)
Event: 14.729 Thread 0x0000015e762f5000 nmethod 4290 0x0000015e60cb06d0 code [0x0000015e60cb0820, 0x0000015e60cb0938]
Event: 14.732 Thread 0x0000015e76292000 nmethod 4272 0x0000015e608f02d0 code [0x0000015e608f04c0, 0x0000015e608f1a30]
Event: 14.732 Thread 0x0000015e76292000 4280       4       org.springframework.beans.factory.support.AbstractBeanFactory::isTypeMatch (547 bytes)
Event: 14.780 Thread 0x0000015e762f5000 4291       1       javax.servlet.ServletRequestWrapper::getRequest (5 bytes)
Event: 14.780 Thread 0x0000015e762f5000 nmethod 4291 0x0000015e606e3050 code [0x0000015e606e31a0, 0x0000015e606e32b8]

GC Heap History (10 events):
Event: 3.493 GC heap before
{Heap before GC invocations=7 (full 1):
 PSYoungGen      total 71680K, used 66560K [0x00000000d5c00000, 0x00000000def00000, 0x0000000100000000)
  eden space 66560K, 100% used [0x00000000d5c00000,0x00000000d9d00000,0x00000000d9d00000)
  from space 5120K, 0% used [0x00000000d9d00000,0x00000000d9d00000,0x00000000da200000)
  to   space 8704K, 0% used [0x00000000de680000,0x00000000de680000,0x00000000def00000)
 ParOldGen       total 55808K, used 6248K [0x0000000081400000, 0x0000000084a80000, 0x00000000d5c00000)
  object space 55808K, 11% used [0x0000000081400000,0x0000000081a1a0a8,0x0000000084a80000)
 Metaspace       used 24013K, capacity 24678K, committed 24832K, reserved 1071104K
  class space    used 3058K, capacity 3243K, committed 3328K, reserved 1048576K
Event: 3.498 GC heap after
Heap after GC invocations=7 (full 1):
 PSYoungGen      total 108032K, used 3740K [0x00000000d5c00000, 0x00000000dea80000, 0x0000000100000000)
  eden space 103936K, 0% used [0x00000000d5c00000,0x00000000d5c00000,0x00000000dc180000)
  from space 4096K, 91% used [0x00000000de680000,0x00000000dea27268,0x00000000dea80000)
  to   space 8704K, 0% used [0x00000000dd980000,0x00000000dd980000,0x00000000de200000)
 ParOldGen       total 55808K, used 6320K [0x0000000081400000, 0x0000000084a80000, 0x00000000d5c00000)
  object space 55808K, 11% used [0x0000000081400000,0x0000000081a2c0b8,0x0000000084a80000)
 Metaspace       used 24013K, capacity 24678K, committed 24832K, reserved 1071104K
  class space    used 3058K, capacity 3243K, committed 3328K, reserved 1048576K
}
Event: 5.224 GC heap before
{Heap before GC invocations=8 (full 1):
 PSYoungGen      total 108032K, used 107676K [0x00000000d5c00000, 0x00000000dea80000, 0x0000000100000000)
  eden space 103936K, 100% used [0x00000000d5c00000,0x00000000dc180000,0x00000000dc180000)
  from space 4096K, 91% used [0x00000000de680000,0x00000000dea27268,0x00000000dea80000)
  to   space 8704K, 0% used [0x00000000dd980000,0x00000000dd980000,0x00000000de200000)
 ParOldGen       total 55808K, used 6320K [0x0000000081400000, 0x0000000084a80000, 0x00000000d5c00000)
  object space 55808K, 11% used [0x0000000081400000,0x0000000081a2c0b8,0x0000000084a80000)
 Metaspace       used 30231K, capacity 31554K, committed 31616K, reserved 1077248K
  class space    used 3917K, capacity 4187K, committed 4224K, reserved 1048576K
Event: 5.243 GC heap after
Heap after GC invocations=8 (full 1):
 PSYoungGen      total 137216K, used 8702K [0x00000000d5c00000, 0x00000000e0e00000, 0x0000000100000000)
  eden space 128512K, 0% used [0x00000000d5c00000,0x00000000d5c00000,0x00000000dd980000)
  from space 8704K, 99% used [0x00000000dd980000,0x00000000de1ffbe8,0x00000000de200000)
  to   space 11264K, 0% used [0x00000000e0300000,0x00000000e0300000,0x00000000e0e00000)
 ParOldGen       total 55808K, used 9049K [0x0000000081400000, 0x0000000084a80000, 0x00000000d5c00000)
  object space 55808K, 16% used [0x0000000081400000,0x0000000081cd6620,0x0000000084a80000)
 Metaspace       used 30231K, capacity 31554K, committed 31616K, reserved 1077248K
  class space    used 3917K, capacity 4187K, committed 4224K, reserved 1048576K
}
Event: 6.062 GC heap before
{Heap before GC invocations=9 (full 1):
 PSYoungGen      total 137216K, used 86959K [0x00000000d5c00000, 0x00000000e0e00000, 0x0000000100000000)
  eden space 128512K, 60% used [0x00000000d5c00000,0x00000000da86c1d0,0x00000000dd980000)
  from space 8704K, 99% used [0x00000000dd980000,0x00000000de1ffbe8,0x00000000de200000)
  to   space 11264K, 0% used [0x00000000e0300000,0x00000000e0300000,0x00000000e0e00000)
 ParOldGen       total 55808K, used 9049K [0x0000000081400000, 0x0000000084a80000, 0x00000000d5c00000)
  object space 55808K, 16% used [0x0000000081400000,0x0000000081cd6620,0x0000000084a80000)
 Metaspace       used 33951K, capacity 35300K, committed 35416K, reserved 1079296K
  class space    used 4380K, capacity 4654K, committed 4736K, reserved 1048576K
Event: 6.079 GC heap after
Heap after GC invocations=9 (full 1):
 PSYoungGen      total 168448K, used 11259K [0x00000000d5c00000, 0x00000000e3980000, 0x0000000100000000)
  eden space 157184K, 0% used [0x00000000d5c00000,0x00000000d5c00000,0x00000000df580000)
  from space 11264K, 99% used [0x00000000e0300000,0x00000000e0dfecc8,0x00000000e0e00000)
  to   space 13824K, 0% used [0x00000000df580000,0x00000000df580000,0x00000000e0300000)
 ParOldGen       total 55808K, used 11960K [0x0000000081400000, 0x0000000084a80000, 0x00000000d5c00000)
  object space 55808K, 21% used [0x0000000081400000,0x0000000081fae370,0x0000000084a80000)
 Metaspace       used 33951K, capacity 35300K, committed 35416K, reserved 1079296K
  class space    used 4380K, capacity 4654K, committed 4736K, reserved 1048576K
}
Event: 6.079 GC heap before
{Heap before GC invocations=10 (full 2):
 PSYoungGen      total 168448K, used 11259K [0x00000000d5c00000, 0x00000000e3980000, 0x0000000100000000)
  eden space 157184K, 0% used [0x00000000d5c00000,0x00000000d5c00000,0x00000000df580000)
  from space 11264K, 99% used [0x00000000e0300000,0x00000000e0dfecc8,0x00000000e0e00000)
  to   space 13824K, 0% used [0x00000000df580000,0x00000000df580000,0x00000000e0300000)
 ParOldGen       total 55808K, used 11960K [0x0000000081400000, 0x0000000084a80000, 0x00000000d5c00000)
  object space 55808K, 21% used [0x0000000081400000,0x0000000081fae370,0x0000000084a80000)
 Metaspace       used 33951K, capacity 35300K, committed 35416K, reserved 1079296K
  class space    used 4380K, capacity 4654K, committed 4736K, reserved 1048576K
Event: 6.165 GC heap after
Heap after GC invocations=10 (full 2):
 PSYoungGen      total 168448K, used 0K [0x00000000d5c00000, 0x00000000e3980000, 0x0000000100000000)
  eden space 157184K, 0% used [0x00000000d5c00000,0x00000000d5c00000,0x00000000df580000)
  from space 11264K, 0% used [0x00000000e0300000,0x00000000e0300000,0x00000000e0e00000)
  to   space 13824K, 0% used [0x00000000df580000,0x00000000df580000,0x00000000e0300000)
 ParOldGen       total 94208K, used 18321K [0x0000000081400000, 0x0000000087000000, 0x00000000d5c00000)
  object space 94208K, 19% used [0x0000000081400000,0x00000000825e45d8,0x0000000087000000)
 Metaspace       used 33951K, capacity 35300K, committed 35416K, reserved 1079296K
  class space    used 4380K, capacity 4654K, committed 4736K, reserved 1048576K
}
Event: 8.275 GC heap before
{Heap before GC invocations=11 (full 2):
 PSYoungGen      total 168448K, used 157184K [0x00000000d5c00000, 0x00000000e3980000, 0x0000000100000000)
  eden space 157184K, 100% used [0x00000000d5c00000,0x00000000df580000,0x00000000df580000)
  from space 11264K, 0% used [0x00000000e0300000,0x00000000e0300000,0x00000000e0e00000)
  to   space 13824K, 0% used [0x00000000df580000,0x00000000df580000,0x00000000e0300000)
 ParOldGen       total 94208K, used 18321K [0x0000000081400000, 0x0000000087000000, 0x00000000d5c00000)
  object space 94208K, 19% used [0x0000000081400000,0x00000000825e45d8,0x0000000087000000)
 Metaspace       used 47928K, capacity 49504K, committed 49752K, reserved 1091584K
  class space    used 6393K, capacity 6714K, committed 6784K, reserved 1048576K
Event: 8.302 GC heap after
Heap after GC invocations=11 (full 2):
 PSYoungGen      total 171008K, used 13792K [0x00000000d5c00000, 0x00000000e3f80000, 0x0000000100000000)
  eden space 157184K, 0% used [0x00000000d5c00000,0x00000000d5c00000,0x00000000df580000)
  from space 13824K, 99% used [0x00000000df580000,0x00000000e02f82d0,0x00000000e0300000)
  to   space 16384K, 0% used [0x00000000e2f80000,0x00000000e2f80000,0x00000000e3f80000)
 ParOldGen       total 94208K, used 19532K [0x0000000081400000, 0x0000000087000000, 0x00000000d5c00000)
  object space 94208K, 20% used [0x0000000081400000,0x0000000082713018,0x0000000087000000)
 Metaspace       used 47928K, capacity 49504K, committed 49752K, reserved 1091584K
  class space    used 6393K, capacity 6714K, committed 6784K, reserved 1048576K
}

Deoptimization events (10 events):
Event: 9.307 Thread 0x0000015e5eadc000 Uncommon trap: reason=unstable_if action=reinterpret pc=0x0000015e60afe148 method=org.springframework.beans.factory.support.AbstractBeanFactory.isTypeMatch(Ljava/lang/String;Lorg/springframework/core/ResolvableType;)Z @ 26
Event: 9.390 Thread 0x0000015e5eadc000 Uncommon trap: reason=null_check action=make_not_entrant pc=0x0000015e60ff7338 method=org.springframework.util.ClassUtils.isAssignable(Ljava/lang/Class;Ljava/lang/Class;)Z @ 14
Event: 9.391 Thread 0x0000015e5eadc000 Uncommon trap: reason=unstable_if action=reinterpret pc=0x0000015e6118f314 method=org.springframework.boot.context.properties.source.ConfigurationPropertyName.elementEquals(Lorg/springframework/boot/context/properties/source/ConfigurationPropertyName$Elem
Event: 9.473 Thread 0x0000015e5eadc000 Uncommon trap: reason=unstable_if action=reinterpret pc=0x0000015e60a8a7bc method=java.io.WinNTFileSystem.isLetter(C)Z @ 3
Event: 9.681 Thread 0x0000015e5eadc000 Uncommon trap: reason=bimorphic action=maybe_recompile pc=0x0000015e61079110 method=java.util.Hashtable.get(Ljava/lang/Object;)Ljava/lang/Object; @ 6
Event: 9.681 Thread 0x0000015e5eadc000 Uncommon trap: reason=bimorphic action=maybe_recompile pc=0x0000015e61079110 method=java.util.Hashtable.get(Ljava/lang/Object;)Ljava/lang/Object; @ 6
Event: 14.612 Thread 0x0000015e7af20800 Uncommon trap: reason=array_check action=maybe_recompile pc=0x0000015e60874d84 method=java.util.AbstractCollection.toArray([Ljava/lang/Object;)[Ljava/lang/Object; @ 119
Event: 14.687 Thread 0x0000015e7af20800 Uncommon trap: reason=array_check action=maybe_recompile pc=0x0000015e60874d84 method=java.util.AbstractCollection.toArray([Ljava/lang/Object;)[Ljava/lang/Object; @ 119
Event: 14.687 Thread 0x0000015e7af20800 Uncommon trap: reason=array_check action=maybe_recompile pc=0x0000015e60874d84 method=java.util.AbstractCollection.toArray([Ljava/lang/Object;)[Ljava/lang/Object; @ 119
Event: 14.687 Thread 0x0000015e7af20800 Uncommon trap: reason=array_check action=maybe_recompile pc=0x0000015e60874d84 method=java.util.AbstractCollection.toArray([Ljava/lang/Object;)[Ljava/lang/Object; @ 119

Classes redefined (0 events):
No events

Internal exceptions (10 events):
Event: 8.350 Thread 0x0000015e5eadc000 Exception <a 'java/lang/ClassNotFoundException': java/lang/ObjectCustomizer> (0x00000000d60f2490) thrown at [C:\jenkins\workspace\8-2-build-windows-amd64-cygwin\jdk8u281\880\hotspot\src\share\vm\classfile\systemDictionary.cpp, line 212]
Event: 8.351 Thread 0x0000015e5eadc000 Exception <a 'java/lang/ClassNotFoundException': org/springframework/security/config/annotation/web/configuration/WebSecurityConfigurationCustomizer> (0x00000000d611c440) thrown at [C:\jenkins\workspace\8-2-build-windows-amd64-cygwin\jdk8u281\880\hotspot\
Event: 8.353 Thread 0x0000015e5eadc000 Exception <a 'java/lang/ClassNotFoundException': org/springframework/security/config/annotation/web/configuration/WebSecurityConfiguration$$EnhancerBySpringCGLIB$$cb6a6e5eCustomizer> (0x00000000d6157ca0) thrown at [C:\jenkins\workspace\8-2-build-windows-a
Event: 8.354 Thread 0x0000015e5eadc000 Exception <a 'java/lang/ClassNotFoundException': org/springframework/context/annotation/ConfigurationClassEnhancer$EnhancedConfigurationCustomizer> (0x00000000d61889f8) thrown at [C:\jenkins\workspace\8-2-build-windows-amd64-cygwin\jdk8u281\880\hotspot\sr
Event: 8.354 Thread 0x0000015e5eadc000 Exception <a 'java/lang/ClassNotFoundException': org/springframework/beans/factory/BeanFactoryAwareCustomizer> (0x00000000d61a2800) thrown at [C:\jenkins\workspace\8-2-build-windows-amd64-cygwin\jdk8u281\880\hotspot\src\share\vm\classfile\systemDictionary
Event: 8.355 Thread 0x0000015e5eadc000 Exception <a 'java/lang/ClassNotFoundException': org/springframework/beans/factory/AwareCustomizer> (0x00000000d61ba2b8) thrown at [C:\jenkins\workspace\8-2-build-windows-amd64-cygwin\jdk8u281\880\hotspot\src\share\vm\classfile\systemDictionary.cpp, line 
Event: 8.355 Thread 0x0000015e5eadc000 Exception <a 'java/lang/ClassNotFoundException': org/springframework/context/annotation/ImportAwareCustomizer> (0x00000000d61d3f20) thrown at [C:\jenkins\workspace\8-2-build-windows-amd64-cygwin\jdk8u281\880\hotspot\src\share\vm\classfile\systemDictionary
Event: 8.356 Thread 0x0000015e5eadc000 Exception <a 'java/lang/ClassNotFoundException': org/springframework/beans/factory/AwareCustomizer> (0x00000000d61eb498) thrown at [C:\jenkins\workspace\8-2-build-windows-amd64-cygwin\jdk8u281\880\hotspot\src\share\vm\classfile\systemDictionary.cpp, line 
Event: 8.356 Thread 0x0000015e5eadc000 Exception <a 'java/lang/ClassNotFoundException': org/springframework/beans/factory/BeanClassLoaderAwareCustomizer> (0x00000000d6206358) thrown at [C:\jenkins\workspace\8-2-build-windows-amd64-cygwin\jdk8u281\880\hotspot\src\share\vm\classfile\systemDictio
Event: 8.357 Thread 0x0000015e5eadc000 Exception <a 'java/lang/ClassNotFoundException': org/springframework/beans/factory/AwareCustomizer> (0x00000000d621d8b0) thrown at [C:\jenkins\workspace\8-2-build-windows-amd64-cygwin\jdk8u281\880\hotspot\src\share\vm\classfile\systemDictionary.cpp, line 

Events (10 events):
Event: 14.792 loading class org/hibernate/internal/SessionImpl
Event: 14.792 loading class org/hibernate/internal/SessionImpl done
Event: 14.796 loading class org/hibernate/event/spi/EventSource
Event: 14.796 loading class org/hibernate/event/spi/EventSource done
Event: 14.800 loading class org/hibernate/internal/AbstractSessionImpl
Event: 14.800 loading class org/hibernate/internal/AbstractSessionImpl done
Event: 14.801 loading class org/hibernate/internal/AbstractSharedSessionContract
Event: 14.801 loading class org/hibernate/internal/AbstractSharedSessionContract done
Event: 14.804 Executing VM operation: CollectForMetadataAllocation
Event: 14.804 Executing VM operation: CollectForMetadataAllocation done


Dynamic libraries:
0x00007ff62e570000 - 0x00007ff62e5b7000 	C:\Program Files\Java\jdk1.8.0_281\bin\java.exe
0x00007ff9ea8b0000 - 0x00007ff9eaaa8000 	C:\Windows\SYSTEM32\ntdll.dll
0x00007ff9e9aa0000 - 0x00007ff9e9b5d000 	C:\Windows\System32\KERNEL32.DLL
0x00007ff9e8490000 - 0x00007ff9e875e000 	C:\Windows\System32\KERNELBASE.dll
0x00007ff9e8ad0000 - 0x00007ff9e8b7e000 	C:\Windows\System32\ADVAPI32.dll
0x00007ff9e9c80000 - 0x00007ff9e9d1e000 	C:\Windows\System32\msvcrt.dll
0x00007ff9e8c20000 - 0x00007ff9e8cbc000 	C:\Windows\System32\sechost.dll
0x00007ff9ea380000 - 0x00007ff9ea4a5000 	C:\Windows\System32\RPCRT4.dll
0x00007ff9e9840000 - 0x00007ff9e99e0000 	C:\Windows\System32\USER32.dll
0x00007ff9e83a0000 - 0x00007ff9e83c2000 	C:\Windows\System32\win32u.dll
0x00007ff9e94e0000 - 0x00007ff9e950a000 	C:\Windows\System32\GDI32.dll
0x00007ff9e7fd0000 - 0x00007ff9e80db000 	C:\Windows\System32\gdi32full.dll
0x00007ff9e8300000 - 0x00007ff9e839d000 	C:\Windows\System32\msvcp_win.dll
0x00007ff9e8760000 - 0x00007ff9e8860000 	C:\Windows\System32\ucrtbase.dll
0x00007ff9d26c0000 - 0x00007ff9d295a000 	C:\Windows\WinSxS\amd64_microsoft.windows.common-controls_6595b64144ccf1df_6.0.19041.1110_none_60b5254171f9507e\COMCTL32.dll
0x00007ff9ea190000 - 0x00007ff9ea1c0000 	C:\Windows\System32\IMM32.DLL
0x00007ff9d25b0000 - 0x00007ff9d25c5000 	C:\Program Files\Java\jdk1.8.0_281\jre\bin\vcruntime140.dll
0x00007ff9d20a0000 - 0x00007ff9d213b000 	C:\Program Files\Java\jdk1.8.0_281\jre\bin\msvcp140.dll
0x0000000054b60000 - 0x00000000553bf000 	C:\Program Files\Java\jdk1.8.0_281\jre\bin\server\jvm.dll
0x00007ff9e9510000 - 0x00007ff9e9518000 	C:\Windows\System32\PSAPI.DLL
0x00007ff9ce9d0000 - 0x00007ff9ce9d9000 	C:\Windows\SYSTEM32\WSOCK32.dll
0x00007ff9e9520000 - 0x00007ff9e958b000 	C:\Windows\System32\WS2_32.dll
0x00007ff9cec70000 - 0x00007ff9cec97000 	C:\Windows\SYSTEM32\WINMM.dll
0x00007ff9cf380000 - 0x00007ff9cf38a000 	C:\Windows\SYSTEM32\VERSION.dll
0x00007ff9e5eb0000 - 0x00007ff9e5ec2000 	C:\Windows\SYSTEM32\kernel.appcore.dll
0x00007ff9e0be0000 - 0x00007ff9e0bf0000 	C:\Program Files\Java\jdk1.8.0_281\jre\bin\verify.dll
0x00007ff9d2200000 - 0x00007ff9d222b000 	C:\Program Files\Java\jdk1.8.0_281\jre\bin\java.dll
0x00007ff9ce060000 - 0x00007ff9ce090000 	C:\Program Files\Java\jdk1.8.0_281\jre\bin\instrument.dll
0x00007ff9d2080000 - 0x00007ff9d2098000 	C:\Program Files\Java\jdk1.8.0_281\jre\bin\zip.dll
0x00007ff9e8d90000 - 0x00007ff9e94d4000 	C:\Windows\System32\SHELL32.dll
0x00007ff9e60d0000 - 0x00007ff9e6864000 	C:\Windows\SYSTEM32\windows.storage.dll
0x00007ff9ea4b0000 - 0x00007ff9ea804000 	C:\Windows\System32\combase.dll
0x00007ff9e79c0000 - 0x00007ff9e79f0000 	C:\Windows\SYSTEM32\Wldp.dll
0x00007ff9e99e0000 - 0x00007ff9e9a8d000 	C:\Windows\System32\SHCORE.dll
0x00007ff9ea810000 - 0x00007ff9ea865000 	C:\Windows\System32\shlwapi.dll
0x00007ff9e7f10000 - 0x00007ff9e7f2f000 	C:\Windows\SYSTEM32\profapi.dll
0x00007ff9cd2c0000 - 0x00007ff9cd2da000 	C:\Program Files\JetBrains\IntelliJ IDEA Community Edition 2021.3\bin\breakgen64.dll
0x00007ff9d2060000 - 0x00007ff9d207c000 	C:\Program Files\Java\jdk1.8.0_281\jre\bin\net.dll
0x00007ff9e7720000 - 0x00007ff9e778a000 	C:\Windows\system32\mswsock.dll
0x00007ff9da410000 - 0x00007ff9da41d000 	C:\Program Files\Java\jdk1.8.0_281\jre\bin\management.dll
0x00007ff9b88e0000 - 0x00007ff9b88f7000 	C:\Windows\system32\napinsp.dll
0x00007ff9b88c0000 - 0x00007ff9b88db000 	C:\Windows\system32\pnrpnsp.dll
0x00007ff9e0fc0000 - 0x00007ff9e0fd5000 	C:\Windows\system32\wshbth.dll
0x00007ff9e3470000 - 0x00007ff9e348d000 	C:\Windows\system32\NLAapi.dll
0x00007ff9e73b0000 - 0x00007ff9e73eb000 	C:\Windows\SYSTEM32\IPHLPAPI.DLL
0x00007ff9e73f0000 - 0x00007ff9e74ba000 	C:\Windows\SYSTEM32\DNSAPI.dll
0x00007ff9ea1c0000 - 0x00007ff9ea1c8000 	C:\Windows\System32\NSI.dll
0x00007ff9b88a0000 - 0x00007ff9b88b2000 	C:\Windows\System32\winrnr.dll
0x00000000553c0000 - 0x00000000553e6000 	C:\Program Files\Bonjour\mdnsNSP.dll
0x00007ff9d8fe0000 - 0x00007ff9d8fea000 	C:\Windows\System32\rasadhlp.dll
0x00007ff9d8ae0000 - 0x00007ff9d8b60000 	C:\Windows\System32\fwpuclnt.dll
0x00007ff9e8460000 - 0x00007ff9e8487000 	C:\Windows\System32\bcrypt.dll
0x00007ff9d2040000 - 0x00007ff9d2053000 	C:\Program Files\Java\jdk1.8.0_281\jre\bin\nio.dll
0x00007ff9e7910000 - 0x00007ff9e7928000 	C:\Windows\SYSTEM32\CRYPTSP.dll
0x00007ff9e7040000 - 0x00007ff9e7074000 	C:\Windows\system32\rsaenh.dll
0x00007ff9e7e90000 - 0x00007ff9e7ebe000 	C:\Windows\SYSTEM32\USERENV.dll
0x00007ff9e83d0000 - 0x00007ff9e8452000 	C:\Windows\System32\bcryptprimitives.dll
0x00007ff9e7930000 - 0x00007ff9e793c000 	C:\Windows\SYSTEM32\CRYPTBASE.dll
0x00007ff9d8ff0000 - 0x00007ff9d9007000 	C:\Windows\SYSTEM32\dhcpcsvc6.DLL
0x00007ff9d9140000 - 0x00007ff9d915d000 	C:\Windows\SYSTEM32\dhcpcsvc.DLL
0x00007ff9e5610000 - 0x00007ff9e57f4000 	C:\Windows\SYSTEM32\dbghelp.dll

VM Arguments:
jvm_args: -javaagent:C:\Program Files\JetBrains\IntelliJ IDEA Community Edition 2021.3\lib\idea_rt.jar=59886:C:\Program Files\JetBrains\IntelliJ IDEA Community Edition 2021.3\bin -Dfile.encoding=UTF-8 
java_command: lnstagram.Application
java_class_path (initial): C:\Program Files\Java\jdk1.8.0_281\jre\lib\charsets.jar;C:\Program Files\Java\jdk1.8.0_281\jre\lib\deploy.jar;C:\Program Files\Java\jdk1.8.0_281\jre\lib\ext\access-bridge-64.jar;C:\Program Files\Java\jdk1.8.0_281\jre\lib\ext\cldrdata.jar;C:\Program Files\Java\jdk1.8.0_281\jre\lib\ext\dnsns.jar;C:\Program Files\Java\jdk1.8.0_281\jre\lib\ext\jaccess.jar;C:\Program Files\Java\jdk1.8.0_281\jre\lib\ext\jfxrt.jar;C:\Program Files\Java\jdk1.8.0_281\jre\lib\ext\localedata.jar;C:\Program Files\Java\jdk1.8.0_281\jre\lib\ext\nashorn.jar;C:\Program Files\Java\jdk1.8.0_281\jre\lib\ext\sunec.jar;C:\Program Files\Java\jdk1.8.0_281\jre\lib\ext\sunjce_provider.jar;C:\Program Files\Java\jdk1.8.0_281\jre\lib\ext\sunmscapi.jar;C:\Program Files\Java\jdk1.8.0_281\jre\lib\ext\sunpkcs11.jar;C:\Program Files\Java\jdk1.8.0_281\jre\lib\ext\zipfs.jar;C:\Program Files\Java\jdk1.8.0_281\jre\lib\javaws.jar;C:\Program Files\Java\jdk1.8.0_281\jre\lib\jce.jar;C:\Program Files\Java\jdk1.8.0_281\jre\lib\jfr.jar;C:\Program Files\Java\jdk1.8.0_281\jre\lib\jfxswt.jar;C:\Program Files\Java\jdk1.8.0_281\jre\lib\jsse.jar;C:\Program Files\Java\jdk1.8.0_281\jre\lib\management-agent.jar;C:\Program Files\Java\jdk1.8.0_281\jre\lib\plugin.jar;C:\Program Files\Java\jdk1.8.0_281\jre\lib\resources.jar;C:\Program Files\Java\jdk1.8.0_281\jre\lib\rt.jar;C:\Users\user\OneDrive\Documenti\Sistemi informativi web\Progetti\Lntagram\target\classes;C:\Users\user\.m2\repository\org\springframework\boot\spring-boot-starter-data-jpa\2.1.4.RELEASE\spring-boot-starter-data-jpa-2.1.4.RELEASE.jar;C:\Users\user\.m2\repository\org\springframework\boot\spring-boot-starter-aop\2.1.4.RELEASE\spring-boot-starter-aop-2.1.4.RELEASE.jar;C:\Users\user\.m2\repository\org\aspectj\aspectjweaver\1.9.2\aspectjweaver-1.9.2.jar;C:\Users\user\.m2\repository\org\springframework\boot\spring-boot-starter-jdbc\2.1.4.RELEASE\spring-boot-starter-jdbc-2.1.4.RELEASE.jar;C:\Users\user\.m2\repository\com\zaxxer\HikariCP\3.2.0\Hikar
Launcher Type: SUN_STANDARD

Environment Variables:
PATH=C:\Program Files (x86)\Common Files\Intel\Shared Libraries\redist\intel64\compiler;C:\Program Files (x86)\Common Files\Oracle\Java\javapath;C:\Windows\system32;C:\Windows;C:\Windows\System32\Wbem;C:\Windows\System32\WindowsPowerShell\v1.0\;C:\Windows\System32\OpenSSH\;C:\Program Files\Git\cmd;C:\Users\user\AppData\Local\Programs\Python\Python36-32\Scripts\;C:\Users\user\AppData\Local\Programs\Python\Python36-32\;C:\Users\user\AppData\Local\Microsoft\WindowsApps;C:\Users\user\AppData\Local\GitHubDesktop\bin;C:\Program Files\heroku\bin
USERNAME=user
OS=Windows_NT
PROCESSOR_IDENTIFIER=Intel64 Family 6 Model 142 Stepping 9, GenuineIntel



---------------  S Y S T E M  ---------------

OS: Windows 10.0 , 64 bit Build 19041 (10.0.19041.1889)

CPU:total 4 (initial active 4) (2 cores per cpu, 2 threads per core) family 6 model 142 stepping 9, cmov, cx8, fxsr, mmx, sse, sse2, sse3, ssse3, sse4.1, sse4.2, popcnt, avx, avx2, aes, clmul, erms, rtm, 3dnowpref, lzcnt, ht, tsc, tscinvbit, bmi1, bmi2, adx

Memory: 4k page, physical 8303624k(637908k free), swap 9653376k(5228k free)

vm_info: Java HotSpot(TM) 64-Bit Server VM (25.281-b09) for windows-amd64 JRE (1.8.0_281-b09), built on Dec  9 2020 13:54:07 by "" with MS VC++ 15.9 (VS2017)

time: Wed Aug 31 16:06:55 2022
timezone: ora legale Europa occidentale
elapsed time: 14.835676 seconds (0d 0h 0m 14s)

